# JRE version: OpenJDK Runtime Environment (8.0_312-b07) (build 1.8.0_312-b07)
# Java VM: OpenJDK 64-Bit Server VM (25.312-b07 mixed mode windows-amd64 compressed oops)
Heap:
 PSYoungGen      total 162816K, used 84634K [0x00000000f5580000, 0x0000000100000000, 0x0000000100000000)
  eden space 153088K, 55% used [0x00000000f5580000,0x00000000fa826bf0,0x00000000feb00000)
  from space 9728K, 0% used [0x00000000feb00000,0x00000000feb00000,0x00000000ff480000)
  to   space 11776K, 0% used [0x00000000ff480000,0x00000000ff480000,0x0000000100000000)
 ParOldGen       total 175104K, used 16389K [0x00000000e0000000, 0x00000000eab00000, 0x00000000f5580000)
  object space 175104K, 9% used [0x00000000e0000000,0x00000000e1001490,0x00000000eab00000)
 Metaspace       used 37454K, capacity 38976K, committed 39168K, reserved 1083392K
  class space    used 5259K, capacity 5606K, committed 5632K, reserved 1048576K
GC Heap History (10 events):
Event: 2.699 GC heap before
{Heap before GC invocations=3 (full 0):
 PSYoungGen      total 141824K, used 101077K [0x00000000f5580000, 0x00000000fea80000, 0x0000000100000000)
  eden space 131072K, 70% used [0x00000000f5580000,0x00000000faf800d8,0x00000000fd580000)
  from space 10752K, 82% used [0x00000000fe000000,0x00000000fe8b5470,0x00000000fea80000)
  to   space 10752K, 0% used [0x00000000fd580000,0x00000000fd580000,0x00000000fe000000)
 ParOldGen       total 175104K, used 24K [0x00000000e0000000, 0x00000000eab00000, 0x00000000f5580000)
  object space 175104K, 0% used [0x00000000e0000000,0x00000000e0006000,0x00000000eab00000)
 Metaspace       used 20569K, capacity 21202K, committed 21296K, reserved 1067008K
  class space    used 3031K, capacity 3199K, committed 3200K, reserved 1048576K
Event: 2.711 GC heap after
Heap after GC invocations=3 (full 0):
 PSYoungGen      total 141824K, used 10751K [0x00000000f5580000, 0x0000000100000000, 0x0000000100000000)
  eden space 131072K, 0% used [0x00000000f5580000,0x00000000f5580000,0x00000000fd580000)
  from space 10752K, 99% used [0x00000000fd580000,0x00000000fdfffca0,0x00000000fe000000)
  to   space 10752K, 0% used [0x00000000ff580000,0x00000000ff580000,0x0000000100000000)
 ParOldGen       total 175104K, used 2547K [0x00000000e0000000, 0x00000000eab00000, 0x00000000f5580000)
  object space 175104K, 1% used [0x00000000e0000000,0x00000000e027ce08,0x00000000eab00000)
 Metaspace       used 20569K, capacity 21202K, committed 21296K, reserved 1067008K
  class space    used 3031K, capacity 3199K, committed 3200K, reserved 1048576K
}
Event: 2.711 GC heap before
{Heap before GC invocations=4 (full 1):
 PSYoungGen      total 141824K, used 10751K [0x00000000f5580000, 0x0000000100000000, 0x0000000100000000)
  eden space 131072K, 0% used [0x00000000f5580000,0x00000000f5580000,0x00000000fd580000)
  from space 10752K, 99% used [0x00000000fd580000,0x00000000fdfffca0,0x00000000fe000000)
  to   space 10752K, 0% used [0x00000000ff580000,0x00000000ff580000,0x0000000100000000)
 ParOldGen       total 175104K, used 2547K [0x00000000e0000000, 0x00000000eab00000, 0x00000000f5580000)
  object space 175104K, 1% used [0x00000000e0000000,0x00000000e027ce08,0x00000000eab00000)
 Metaspace       used 20569K, capacity 21202K, committed 21296K, reserved 1067008K
  class space    used 3031K, capacity 3199K, committed 3200K, reserved 1048576K
Event: 2.751 GC heap after
Heap after GC invocations=4 (full 1):
 PSYoungGen      total 141824K, used 0K [0x00000000f5580000, 0x0000000100000000, 0x0000000100000000)
  eden space 131072K, 0% used [0x00000000f5580000,0x00000000f5580000,0x00000000fd580000)
  from space 10752K, 0% used [0x00000000fd580000,0x00000000fd580000,0x00000000fe000000)
  to   space 10752K, 0% used [0x00000000ff580000,0x00000000ff580000,0x0000000100000000)
 ParOldGen       total 175104K, used 12855K [0x00000000e0000000, 0x00000000eab00000, 0x00000000f5580000)
  object space 175104K, 7% used [0x00000000e0000000,0x00000000e0c8de20,0x00000000eab00000)
 Metaspace       used 20569K, capacity 21202K, committed 21296K, reserved 1067008K
  class space    used 3031K, capacity 3199K, committed 3200K, reserved 1048576K
}
Event: 12.170 GC heap before
{Heap before GC invocations=5 (full 1):
 PSYoungGen      total 141824K, used 131072K [0x00000000f5580000, 0x0000000100000000, 0x0000000100000000)
  eden space 131072K, 100% used [0x00000000f5580000,0x00000000fd580000,0x00000000fd580000)
  from space 10752K, 0% used [0x00000000fd580000,0x00000000fd580000,0x00000000fe000000)
  to   space 10752K, 0% used [0x00000000ff580000,0x00000000ff580000,0x0000000100000000)
 ParOldGen       total 175104K, used 12855K [0x00000000e0000000, 0x00000000eab00000, 0x00000000f5580000)
  object space 175104K, 7% used [0x00000000e0000000,0x00000000e0c8de20,0x00000000eab00000)
 Metaspace       used 32332K, capacity 33508K, committed 33664K, reserved 1077248K
  class space    used 4589K, capacity 4903K, committed 4992K, reserved 1048576K
Event: 12.185 GC heap after
Heap after GC invocations=5 (full 1):
 PSYoungGen      total 163840K, used 10746K [0x00000000f5580000, 0x0000000100000000, 0x0000000100000000)
  eden space 153088K, 0% used [0x00000000f5580000,0x00000000f5580000,0x00000000feb00000)
  from space 10752K, 99% used [0x00000000ff580000,0x00000000ffffe948,0x0000000100000000)
  to   space 10752K, 0% used [0x00000000feb00000,0x00000000feb00000,0x00000000ff580000)
 ParOldGen       total 175104K, used 17036K [0x00000000e0000000, 0x00000000eab00000, 0x00000000f5580000)
  object space 175104K, 9% used [0x00000000e0000000,0x00000000e10a33d8,0x00000000eab00000)
 Metaspace       used 32332K, capacity 33508K, committed 33664K, reserved 1077248K
  class space    used 4589K, capacity 4903K, committed 4992K, reserved 1048576K
}
Event: 12.348 GC heap before
{Heap before GC invocations=6 (full 1):
 PSYoungGen      total 163840K, used 35382K [0x00000000f5580000, 0x0000000100000000, 0x0000000100000000)
  eden space 153088K, 16% used [0x00000000f5580000,0x00000000f6d8efe8,0x00000000feb00000)
  from space 10752K, 99% used [0x00000000ff580000,0x00000000ffffe948,0x0000000100000000)
  to   space 10752K, 0% used [0x00000000feb00000,0x00000000feb00000,0x00000000ff580000)
 ParOldGen       total 175104K, used 17036K [0x00000000e0000000, 0x00000000eab00000, 0x00000000f5580000)
  object space 175104K, 9% used [0x00000000e0000000,0x00000000e10a33d8,0x00000000eab00000)
 Metaspace       used 34195K, capacity 35412K, committed 35496K, reserved 1079296K
  class space    used 4764K, capacity 5081K, committed 5120K, reserved 1048576K
Event: 12.363 GC heap after
Heap after GC invocations=6 (full 1):
 PSYoungGen      total 162816K, used 9698K [0x00000000f5580000, 0x0000000100000000, 0x0000000100000000)
  eden space 153088K, 0% used [0x00000000f5580000,0x00000000f5580000,0x00000000feb00000)
  from space 9728K, 99% used [0x00000000feb00000,0x00000000ff4789a8,0x00000000ff480000)
  to   space 11776K, 0% used [0x00000000ff480000,0x00000000ff480000,0x0000000100000000)
 ParOldGen       total 175104K, used 17044K [0x00000000e0000000, 0x00000000eab00000, 0x00000000f5580000)
  object space 175104K, 9% used [0x00000000e0000000,0x00000000e10a53d8,0x00000000eab00000)
 Metaspace       used 34195K, capacity 35412K, committed 35496K, reserved 1079296K
  class space    used 4764K, capacity 5081K, committed 5120K, reserved 1048576K
}
Event: 12.363 GC heap before
{Heap before GC invocations=7 (full 2):
 PSYoungGen      total 162816K, used 9698K [0x00000000f5580000, 0x0000000100000000, 0x0000000100000000)
  eden space 153088K, 0% used [0x00000000f5580000,0x00000000f5580000,0x00000000feb00000)
  from space 9728K, 99% used [0x00000000feb00000,0x00000000ff4789a8,0x00000000ff480000)
  to   space 11776K, 0% used [0x00000000ff480000,0x00000000ff480000,0x0000000100000000)
 ParOldGen       total 175104K, used 17044K [0x00000000e0000000, 0x00000000eab00000, 0x00000000f5580000)
  object space 175104K, 9% used [0x00000000e0000000,0x00000000e10a53d8,0x00000000eab00000)
 Metaspace       used 34195K, capacity 35412K, committed 35496K, reserved 1079296K
  class space    used 4764K, capacity 5081K, committed 5120K, reserved 1048576K
Event: 12.430 GC heap after
Heap after GC invocations=7 (full 2):
 PSYoungGen      total 162816K, used 0K [0x00000000f5580000, 0x0000000100000000, 0x0000000100000000)
  eden space 153088K, 0% used [0x00000000f5580000,0x00000000f5580000,0x00000000feb00000)
  from space 9728K, 0% used [0x00000000feb00000,0x00000000feb00000,0x00000000ff480000)
  to   space 11776K, 0% used [0x00000000ff480000,0x00000000ff480000,0x0000000100000000)
 ParOldGen       total 175104K, used 16389K [0x00000000e0000000, 0x00000000eab00000, 0x00000000f5580000)
  object space 175104K, 9% used [0x00000000e0000000,0x00000000e1001490,0x00000000eab00000)
 Metaspace       used 34195K, capacity 35412K, committed 35496K, reserved 1079296K
  class space    used 4764K, capacity 5081K, committed 5120K, reserved 1048576K
}

