# JRE version: OpenJDK Runtime Environment (8.0_312-b07) (build 1.8.0_312-b07)
# Java VM: OpenJDK 64-Bit Server VM (25.312-b07 mixed mode windows-amd64 compressed oops)
Heap:
 PSYoungGen      total 150016K, used 5362K [0x00000000f5580000, 0x0000000100000000, 0x0000000100000000)
  eden space 126464K, 0% used [0x00000000f5580000,0x00000000f5580000,0x00000000fd100000)
  from space 23552K, 22% used [0x00000000fd100000,0x00000000fd63cb18,0x00000000fe800000)
  to   space 23552K, 0% used [0x00000000fe900000,0x00000000fe900000,0x0000000100000000)
 ParOldGen       total 181760K, used 126754K [0x00000000e0000000, 0x00000000eb180000, 0x00000000f5580000)
  object space 181760K, 69% used [0x00000000e0000000,0x00000000e7bc8a90,0x00000000eb180000)
 Metaspace       used 91984K, capacity 98362K, committed 98560K, reserved 1134592K
  class space    used 12730K, capacity 14085K, committed 14208K, reserved 1048576K
GC Heap History (10 events):
Event: 34.172 GC heap after
Heap after GC invocations=20 (full 3):
 PSYoungGen      total 147456K, used 9072K [0x00000000f5580000, 0x0000000100000000, 0x0000000100000000)
  eden space 121856K, 0% used [0x00000000f5580000,0x00000000f5580000,0x00000000fcc80000)
  from space 25600K, 35% used [0x00000000fcc80000,0x00000000fd55c010,0x00000000fe580000)
  to   space 25088K, 0% used [0x00000000fe780000,0x00000000fe780000,0x0000000100000000)
 ParOldGen       total 181760K, used 96738K [0x00000000e0000000, 0x00000000eb180000, 0x00000000f5580000)
  object space 181760K, 53% used [0x00000000e0000000,0x00000000e5e78970,0x00000000eb180000)
 Metaspace       used 84425K, capacity 90360K, committed 90624K, reserved 1126400K
  class space    used 11746K, capacity 13044K, committed 13056K, reserved 1048576K
}
Event: 36.215 GC heap before
{Heap before GC invocations=21 (full 3):
 PSYoungGen      total 147456K, used 130928K [0x00000000f5580000, 0x0000000100000000, 0x0000000100000000)
  eden space 121856K, 100% used [0x00000000f5580000,0x00000000fcc80000,0x00000000fcc80000)
  from space 25600K, 35% used [0x00000000fcc80000,0x00000000fd55c010,0x00000000fe580000)
  to   space 25088K, 0% used [0x00000000fe780000,0x00000000fe780000,0x0000000100000000)
 ParOldGen       total 181760K, used 96738K [0x00000000e0000000, 0x00000000eb180000, 0x00000000f5580000)
  object space 181760K, 53% used [0x00000000e0000000,0x00000000e5e78970,0x00000000eb180000)
 Metaspace       used 85766K, capacity 91882K, committed 92160K, reserved 1128448K
  class space    used 11939K, capacity 13221K, committed 13312K, reserved 1048576K
Event: 36.231 GC heap after
Heap after GC invocations=21 (full 3):
 PSYoungGen      total 147456K, used 9586K [0x00000000f5580000, 0x00000000ffe80000, 0x0000000100000000)
  eden space 123904K, 0% used [0x00000000f5580000,0x00000000f5580000,0x00000000fce80000)
  from space 23552K, 40% used [0x00000000fe780000,0x00000000ff0dca48,0x00000000ffe80000)
  to   space 24576K, 0% used [0x00000000fce80000,0x00000000fce80000,0x00000000fe680000)
 ParOldGen       total 181760K, used 105478K [0x00000000e0000000, 0x00000000eb180000, 0x00000000f5580000)
  object space 181760K, 58% used [0x00000000e0000000,0x00000000e6701a40,0x00000000eb180000)
 Metaspace       used 85766K, capacity 91882K, committed 92160K, reserved 1128448K
  class space    used 11939K, capacity 13221K, committed 13312K, reserved 1048576K
}
Event: 37.240 GC heap before
{Heap before GC invocations=22 (full 3):
 PSYoungGen      total 147456K, used 133490K [0x00000000f5580000, 0x00000000ffe80000, 0x0000000100000000)
  eden space 123904K, 100% used [0x00000000f5580000,0x00000000fce80000,0x00000000fce80000)
  from space 23552K, 40% used [0x00000000fe780000,0x00000000ff0dca48,0x00000000ffe80000)
  to   space 24576K, 0% used [0x00000000fce80000,0x00000000fce80000,0x00000000fe680000)
 ParOldGen       total 181760K, used 105478K [0x00000000e0000000, 0x00000000eb180000, 0x00000000f5580000)
  object space 181760K, 58% used [0x00000000e0000000,0x00000000e6701a40,0x00000000eb180000)
 Metaspace       used 90360K, capacity 96522K, committed 96896K, reserved 1132544K
  class space    used 12539K, capacity 13831K, committed 13952K, reserved 1048576K
Event: 37.256 GC heap after
Heap after GC invocations=22 (full 3):
 PSYoungGen      total 148480K, used 12345K [0x00000000f5580000, 0x00000000fff00000, 0x0000000100000000)
  eden space 123904K, 0% used [0x00000000f5580000,0x00000000f5580000,0x00000000fce80000)
  from space 24576K, 50% used [0x00000000fce80000,0x00000000fda8e4d0,0x00000000fe680000)
  to   space 23552K, 0% used [0x00000000fe800000,0x00000000fe800000,0x00000000fff00000)
 ParOldGen       total 181760K, used 113736K [0x00000000e0000000, 0x00000000eb180000, 0x00000000f5580000)
  object space 181760K, 62% used [0x00000000e0000000,0x00000000e6f122a8,0x00000000eb180000)
 Metaspace       used 90360K, capacity 96522K, committed 96896K, reserved 1132544K
  class space    used 12539K, capacity 13831K, committed 13952K, reserved 1048576K
}
Event: 38.249 GC heap before
{Heap before GC invocations=23 (full 3):
 PSYoungGen      total 148480K, used 136249K [0x00000000f5580000, 0x00000000fff00000, 0x0000000100000000)
  eden space 123904K, 100% used [0x00000000f5580000,0x00000000fce80000,0x00000000fce80000)
  from space 24576K, 50% used [0x00000000fce80000,0x00000000fda8e4d0,0x00000000fe680000)
  to   space 23552K, 0% used [0x00000000fe800000,0x00000000fe800000,0x00000000fff00000)
 ParOldGen       total 181760K, used 113736K [0x00000000e0000000, 0x00000000eb180000, 0x00000000f5580000)
  object space 181760K, 62% used [0x00000000e0000000,0x00000000e6f122a8,0x00000000eb180000)
 Metaspace       used 90594K, capacity 96756K, committed 96896K, reserved 1132544K
  class space    used 12556K, capacity 13838K, committed 13952K, reserved 1048576K
Event: 38.268 GC heap after
Heap after GC invocations=23 (full 3):
 PSYoungGen      total 150016K, used 5835K [0x00000000f5580000, 0x00000000fff00000, 0x0000000100000000)
  eden space 126464K, 0% used [0x00000000f5580000,0x00000000f5580000,0x00000000fd100000)
  from space 23552K, 24% used [0x00000000fe800000,0x00000000fedb2cf0,0x00000000fff00000)
  to   space 23552K, 0% used [0x00000000fd100000,0x00000000fd100000,0x00000000fe800000)
 ParOldGen       total 181760K, used 121066K [0x00000000e0000000, 0x00000000eb180000, 0x00000000f5580000)
  object space 181760K, 66% used [0x00000000e0000000,0x00000000e763aa20,0x00000000eb180000)
 Metaspace       used 90594K, capacity 96756K, committed 96896K, reserved 1132544K
  class space    used 12556K, capacity 13838K, committed 13952K, reserved 1048576K
}
Event: 46.803 GC heap before
{Heap before GC invocations=24 (full 3):
 PSYoungGen      total 150016K, used 50960K [0x00000000f5580000, 0x00000000fff00000, 0x0000000100000000)
  eden space 126464K, 35% used [0x00000000f5580000,0x00000000f8191408,0x00000000fd100000)
  from space 23552K, 24% used [0x00000000fe800000,0x00000000fedb2cf0,0x00000000fff00000)
  to   space 23552K, 0% used [0x00000000fd100000,0x00000000fd100000,0x00000000fe800000)
 ParOldGen       total 181760K, used 121066K [0x00000000e0000000, 0x00000000eb180000, 0x00000000f5580000)
  object space 181760K, 66% used [0x00000000e0000000,0x00000000e763aa20,0x00000000eb180000)
 Metaspace       used 91984K, capacity 98362K, committed 98560K, reserved 1134592K
  class space    used 12730K, capacity 14085K, committed 14208K, reserved 1048576K
Event: 46.814 GC heap after
Heap after GC invocations=24 (full 3):
 PSYoungGen      total 150016K, used 5362K [0x00000000f5580000, 0x0000000100000000, 0x0000000100000000)
  eden space 126464K, 0% used [0x00000000f5580000,0x00000000f5580000,0x00000000fd100000)
  from space 23552K, 22% used [0x00000000fd100000,0x00000000fd63cb18,0x00000000fe800000)
  to   space 23552K, 0% used [0x00000000fe900000,0x00000000fe900000,0x0000000100000000)
 ParOldGen       total 181760K, used 126754K [0x00000000e0000000, 0x00000000eb180000, 0x00000000f5580000)
  object space 181760K, 69% used [0x00000000e0000000,0x00000000e7bc8a90,0x00000000eb180000)
 Metaspace       used 91984K, capacity 98362K, committed 98560K, reserved 1134592K
  class space    used 12730K, capacity 14085K, committed 14208K, reserved 1048576K
}
Event: 46.814 GC heap before
{Heap before GC invocations=25 (full 4):
 PSYoungGen      total 150016K, used 5362K [0x00000000f5580000, 0x0000000100000000, 0x0000000100000000)
  eden space 126464K, 0% used [0x00000000f5580000,0x00000000f5580000,0x00000000fd100000)
  from space 23552K, 22% used [0x00000000fd100000,0x00000000fd63cb18,0x00000000fe800000)
  to   space 23552K, 0% used [0x00000000fe900000,0x00000000fe900000,0x0000000100000000)
 ParOldGen       total 181760K, used 126754K [0x00000000e0000000, 0x00000000eb180000, 0x00000000f5580000)
  object space 181760K, 69% used [0x00000000e0000000,0x00000000e7bc8a90,0x00000000eb180000)
 Metaspace       used 91984K, capacity 98362K, committed 98560K, reserved 1134592K
  class space    used 12730K, capacity 14085K, committed 14208K, reserved 1048576K

