# JRE version: OpenJDK Runtime Environment (8.0_312-b07) (build 1.8.0_312-b07)
# Java VM: OpenJDK 64-Bit Server VM (25.312-b07 mixed mode windows-amd64 compressed oops)
Heap:
 PSYoungGen      total 152576K, used 81052K [0x00000000f5580000, 0x0000000100000000, 0x0000000100000000)
  eden space 130560K, 58% used [0x00000000f5580000,0x00000000f9fd70e0,0x00000000fd500000)
  from space 22016K, 22% used [0x00000000fea80000,0x00000000fef50000,0x0000000100000000)
  to   space 22016K, 0% used [0x00000000fd500000,0x00000000fd500000,0x00000000fea80000)
 ParOldGen       total 348160K, used 206732K [0x00000000e0000000, 0x00000000f5400000, 0x00000000f5580000)
  object space 348160K, 59% used [0x00000000e0000000,0x00000000ec9e3218,0x00000000f5400000)
 Metaspace       used 106388K, capacity 113386K, committed 113664K, reserved 1146880K
  class space    used 14260K, capacity 15766K, committed 15872K, reserved 1048576K
GC Heap History (10 events):
Event: 125.607 GC heap before
{Heap before GC invocations=32 (full 4):
 PSYoungGen      total 146944K, used 133083K [0x00000000f5580000, 0x00000000ffd80000, 0x0000000100000000)
  eden space 122880K, 100% used [0x00000000f5580000,0x00000000fcd80000,0x00000000fcd80000)
  from space 24064K, 42% used [0x00000000fcd80000,0x00000000fd776c60,0x00000000fe500000)
  to   space 23040K, 0% used [0x00000000fe700000,0x00000000fe700000,0x00000000ffd80000)
 ParOldGen       total 348160K, used 173390K [0x00000000e0000000, 0x00000000f5400000, 0x00000000f5580000)
  object space 348160K, 49% used [0x00000000e0000000,0x00000000ea953888,0x00000000f5400000)
 Metaspace       used 95205K, capacity 101784K, committed 101888K, reserved 1136640K
  class space    used 13096K, capacity 14507K, committed 14592K, reserved 1048576K
Event: 125.623 GC heap after
Heap after GC invocations=32 (full 4):
 PSYoungGen      total 149504K, used 6751K [0x00000000f5580000, 0x00000000ffe00000, 0x0000000100000000)
  eden space 126464K, 0% used [0x00000000f5580000,0x00000000f5580000,0x00000000fd100000)
  from space 23040K, 29% used [0x00000000fe700000,0x00000000fed97c58,0x00000000ffd80000)
  to   space 22528K, 0% used [0x00000000fd100000,0x00000000fd100000,0x00000000fe700000)
 ParOldGen       total 348160K, used 182344K [0x00000000e0000000, 0x00000000f5400000, 0x00000000f5580000)
  object space 348160K, 52% used [0x00000000e0000000,0x00000000eb212010,0x00000000f5400000)
 Metaspace       used 95205K, capacity 101784K, committed 101888K, reserved 1136640K
  class space    used 13096K, capacity 14507K, committed 14592K, reserved 1048576K
}
Event: 126.244 GC heap before
{Heap before GC invocations=33 (full 4):
 PSYoungGen      total 149504K, used 133215K [0x00000000f5580000, 0x00000000ffe00000, 0x0000000100000000)
  eden space 126464K, 100% used [0x00000000f5580000,0x00000000fd100000,0x00000000fd100000)
  from space 23040K, 29% used [0x00000000fe700000,0x00000000fed97c58,0x00000000ffd80000)
  to   space 22528K, 0% used [0x00000000fd100000,0x00000000fd100000,0x00000000fe700000)
 ParOldGen       total 348160K, used 182344K [0x00000000e0000000, 0x00000000f5400000, 0x00000000f5580000)
  object space 348160K, 52% used [0x00000000e0000000,0x00000000eb212010,0x00000000f5400000)
 Metaspace       used 96192K, capacity 102848K, committed 103040K, reserved 1138688K
  class space    used 13186K, capacity 14599K, committed 14720K, reserved 1048576K
Event: 126.278 GC heap after
Heap after GC invocations=33 (full 4):
 PSYoungGen      total 148992K, used 15040K [0x00000000f5580000, 0x0000000100000000, 0x0000000100000000)
  eden space 126464K, 0% used [0x00000000f5580000,0x00000000f5580000,0x00000000fd100000)
  from space 22528K, 66% used [0x00000000fd100000,0x00000000fdfb0040,0x00000000fe700000)
  to   space 23040K, 0% used [0x00000000fe980000,0x00000000fe980000,0x0000000100000000)
 ParOldGen       total 348160K, used 188641K [0x00000000e0000000, 0x00000000f5400000, 0x00000000f5580000)
  object space 348160K, 54% used [0x00000000e0000000,0x00000000eb8385b8,0x00000000f5400000)
 Metaspace       used 96192K, capacity 102848K, committed 103040K, reserved 1138688K
  class space    used 13186K, capacity 14599K, committed 14720K, reserved 1048576K
}
Event: 127.397 GC heap before
{Heap before GC invocations=34 (full 4):
 PSYoungGen      total 148992K, used 141504K [0x00000000f5580000, 0x0000000100000000, 0x0000000100000000)
  eden space 126464K, 100% used [0x00000000f5580000,0x00000000fd100000,0x00000000fd100000)
  from space 22528K, 66% used [0x00000000fd100000,0x00000000fdfb0040,0x00000000fe700000)
  to   space 23040K, 0% used [0x00000000fe980000,0x00000000fe980000,0x0000000100000000)
 ParOldGen       total 348160K, used 188641K [0x00000000e0000000, 0x00000000f5400000, 0x00000000f5580000)
  object space 348160K, 54% used [0x00000000e0000000,0x00000000eb8385b8,0x00000000f5400000)
 Metaspace       used 105474K, capacity 112344K, committed 112512K, reserved 1146880K
  class space    used 14193K, capacity 15717K, committed 15744K, reserved 1048576K
Event: 127.416 GC heap after
Heap after GC invocations=34 (full 4):
 PSYoungGen      total 150528K, used 11671K [0x00000000f5580000, 0x00000000ffe80000, 0x0000000100000000)
  eden space 129024K, 0% used [0x00000000f5580000,0x00000000f5580000,0x00000000fd380000)
  from space 21504K, 54% used [0x00000000fe980000,0x00000000ff4e5cf8,0x00000000ffe80000)
  to   space 22016K, 0% used [0x00000000fd380000,0x00000000fd380000,0x00000000fe900000)
 ParOldGen       total 348160K, used 198592K [0x00000000e0000000, 0x00000000f5400000, 0x00000000f5580000)
  object space 348160K, 57% used [0x00000000e0000000,0x00000000ec1f00b8,0x00000000f5400000)
 Metaspace       used 105474K, capacity 112344K, committed 112512K, reserved 1146880K
  class space    used 14193K, capacity 15717K, committed 15744K, reserved 1048576K
}
Event: 127.990 GC heap before
{Heap before GC invocations=35 (full 4):
 PSYoungGen      total 150528K, used 140695K [0x00000000f5580000, 0x00000000ffe80000, 0x0000000100000000)
  eden space 129024K, 100% used [0x00000000f5580000,0x00000000fd380000,0x00000000fd380000)
  from space 21504K, 54% used [0x00000000fe980000,0x00000000ff4e5cf8,0x00000000ffe80000)
  to   space 22016K, 0% used [0x00000000fd380000,0x00000000fd380000,0x00000000fe900000)
 ParOldGen       total 348160K, used 198592K [0x00000000e0000000, 0x00000000f5400000, 0x00000000f5580000)
  object space 348160K, 57% used [0x00000000e0000000,0x00000000ec1f00b8,0x00000000f5400000)
 Metaspace       used 106217K, capacity 113144K, committed 113408K, reserved 1146880K
  class space    used 14254K, capacity 15759K, committed 15872K, reserved 1048576K
Event: 128.002 GC heap after
Heap after GC invocations=35 (full 4):
 PSYoungGen      total 151040K, used 5306K [0x00000000f5580000, 0x0000000100000000, 0x0000000100000000)
  eden space 129024K, 0% used [0x00000000f5580000,0x00000000f5580000,0x00000000fd380000)
  from space 22016K, 24% used [0x00000000fd380000,0x00000000fd8aeb28,0x00000000fe900000)
  to   space 22016K, 0% used [0x00000000fea80000,0x00000000fea80000,0x0000000100000000)
 ParOldGen       total 348160K, used 202216K [0x00000000e0000000, 0x00000000f5400000, 0x00000000f5580000)
  object space 348160K, 58% used [0x00000000e0000000,0x00000000ec57a1c8,0x00000000f5400000)
 Metaspace       used 106217K, capacity 113144K, committed 113408K, reserved 1146880K
  class space    used 14254K, capacity 15759K, committed 15872K, reserved 1048576K
}
Event: 128.425 GC heap before
{Heap before GC invocations=36 (full 4):
 PSYoungGen      total 151040K, used 134330K [0x00000000f5580000, 0x0000000100000000, 0x0000000100000000)
  eden space 129024K, 100% used [0x00000000f5580000,0x00000000fd380000,0x00000000fd380000)
  from space 22016K, 24% used [0x00000000fd380000,0x00000000fd8aeb28,0x00000000fe900000)
  to   space 22016K, 0% used [0x00000000fea80000,0x00000000fea80000,0x0000000100000000)
 ParOldGen       total 348160K, used 202216K [0x00000000e0000000, 0x00000000f5400000, 0x00000000f5580000)
  object space 348160K, 58% used [0x00000000e0000000,0x00000000ec57a1c8,0x00000000f5400000)
 Metaspace       used 106318K, capacity 113280K, committed 113408K, reserved 1146880K
  class space    used 14255K, capacity 15759K, committed 15872K, reserved 1048576K
Event: 128.435 GC heap after
Heap after GC invocations=36 (full 4):
 PSYoungGen      total 152576K, used 4928K [0x00000000f5580000, 0x0000000100000000, 0x0000000100000000)
  eden space 130560K, 0% used [0x00000000f5580000,0x00000000f5580000,0x00000000fd500000)
  from space 22016K, 22% used [0x00000000fea80000,0x00000000fef50000,0x0000000100000000)
  to   space 22016K, 0% used [0x00000000fd500000,0x00000000fd500000,0x00000000fea80000)
 ParOldGen       total 348160K, used 206732K [0x00000000e0000000, 0x00000000f5400000, 0x00000000f5580000)
  object space 348160K, 59% used [0x00000000e0000000,0x00000000ec9e3218,0x00000000f5400000)
 Metaspace       used 106318K, capacity 113280K, committed 113408K, reserved 1146880K
  class space    used 14255K, capacity 15759K, committed 15872K, reserved 1048576K
}

