# JRE version: OpenJDK Runtime Environment (8.0_312-b07) (build 1.8.0_312-b07)
# Java VM: OpenJDK 64-Bit Server VM (25.312-b07 mixed mode windows-amd64 compressed oops)
Heap:
 PSYoungGen      total 145920K, used 77515K [0x00000000f5580000, 0x00000000ffe80000, 0x0000000100000000)
  eden space 120832K, 56% used [0x00000000f5580000,0x00000000f9863208,0x00000000fcb80000)
  from space 25088K, 35% used [0x00000000fe600000,0x00000000feecfa18,0x00000000ffe80000)
  to   space 26112K, 0% used [0x00000000fcb80000,0x00000000fcb80000,0x00000000fe500000)
 ParOldGen       total 201216K, used 102018K [0x00000000e0000000, 0x00000000ec480000, 0x00000000f5580000)
  object space 201216K, 50% used [0x00000000e0000000,0x00000000e63a0a88,0x00000000ec480000)
 Metaspace       used 85478K, capacity 91632K, committed 91904K, reserved 1128448K
  class space    used 11884K, capacity 13215K, committed 13312K, reserved 1048576K
GC Heap History (10 events):
Event: 29.471 GC heap before
{Heap before GC invocations=15 (full 3):
 PSYoungGen      total 150528K, used 150527K [0x00000000f5580000, 0x0000000100000000, 0x0000000100000000)
  eden space 126464K, 100% used [0x00000000f5580000,0x00000000fd100000,0x00000000fd100000)
  from space 24064K, 99% used [0x00000000fd100000,0x00000000fe87fe38,0x00000000fe880000)
  to   space 24064K, 0% used [0x00000000fe880000,0x00000000fe880000,0x0000000100000000)
 ParOldGen       total 201216K, used 40917K [0x00000000e0000000, 0x00000000ec480000, 0x00000000f5580000)
  object space 201216K, 20% used [0x00000000e0000000,0x00000000e27f5630,0x00000000ec480000)
 Metaspace       used 72970K, capacity 77702K, committed 77952K, reserved 1116160K
  class space    used 10268K, capacity 11390K, committed 11392K, reserved 1048576K
Event: 29.505 GC heap after
Heap after GC invocations=15 (full 3):
 PSYoungGen      total 142336K, used 18630K [0x00000000f5580000, 0x0000000100000000, 0x0000000100000000)
  eden space 118272K, 0% used [0x00000000f5580000,0x00000000f5580000,0x00000000fc900000)
  from space 24064K, 77% used [0x00000000fe880000,0x00000000ffab1ac0,0x0000000100000000)
  to   space 28160K, 0% used [0x00000000fc900000,0x00000000fc900000,0x00000000fe480000)
 ParOldGen       total 201216K, used 62964K [0x00000000e0000000, 0x00000000ec480000, 0x00000000f5580000)
  object space 201216K, 31% used [0x00000000e0000000,0x00000000e3d7d338,0x00000000ec480000)
 Metaspace       used 72970K, capacity 77702K, committed 77952K, reserved 1116160K
  class space    used 10268K, capacity 11390K, committed 11392K, reserved 1048576K
}
Event: 30.990 GC heap before
{Heap before GC invocations=16 (full 3):
 PSYoungGen      total 142336K, used 136902K [0x00000000f5580000, 0x0000000100000000, 0x0000000100000000)
  eden space 118272K, 100% used [0x00000000f5580000,0x00000000fc900000,0x00000000fc900000)
  from space 24064K, 77% used [0x00000000fe880000,0x00000000ffab1ac0,0x0000000100000000)
  to   space 28160K, 0% used [0x00000000fc900000,0x00000000fc900000,0x00000000fe480000)
 ParOldGen       total 201216K, used 62964K [0x00000000e0000000, 0x00000000ec480000, 0x00000000f5580000)
  object space 201216K, 31% used [0x00000000e0000000,0x00000000e3d7d338,0x00000000ec480000)
 Metaspace       used 78687K, capacity 84202K, committed 84224K, reserved 1122304K
  class space    used 11039K, capacity 12280K, committed 12288K, reserved 1048576K
Event: 31.013 GC heap after
Heap after GC invocations=16 (full 3):
 PSYoungGen      total 146432K, used 11259K [0x00000000f5580000, 0x0000000100000000, 0x0000000100000000)
  eden space 118272K, 0% used [0x00000000f5580000,0x00000000f5580000,0x00000000fc900000)
  from space 28160K, 39% used [0x00000000fc900000,0x00000000fd3fec58,0x00000000fe480000)
  to   space 27648K, 0% used [0x00000000fe500000,0x00000000fe500000,0x0000000100000000)
 ParOldGen       total 201216K, used 77054K [0x00000000e0000000, 0x00000000ec480000, 0x00000000f5580000)
  object space 201216K, 38% used [0x00000000e0000000,0x00000000e4b3f808,0x00000000ec480000)
 Metaspace       used 78687K, capacity 84202K, committed 84224K, reserved 1122304K
  class space    used 11039K, capacity 12280K, committed 12288K, reserved 1048576K
}
Event: 32.779 GC heap before
{Heap before GC invocations=17 (full 3):
 PSYoungGen      total 146432K, used 129531K [0x00000000f5580000, 0x0000000100000000, 0x0000000100000000)
  eden space 118272K, 100% used [0x00000000f5580000,0x00000000fc900000,0x00000000fc900000)
  from space 28160K, 39% used [0x00000000fc900000,0x00000000fd3fec58,0x00000000fe480000)
  to   space 27648K, 0% used [0x00000000fe500000,0x00000000fe500000,0x0000000100000000)
 ParOldGen       total 201216K, used 77054K [0x00000000e0000000, 0x00000000ec480000, 0x00000000f5580000)
  object space 201216K, 38% used [0x00000000e0000000,0x00000000e4b3f808,0x00000000ec480000)
 Metaspace       used 79658K, capacity 85464K, committed 85760K, reserved 1122304K
  class space    used 11124K, capacity 12419K, committed 12544K, reserved 1048576K
Event: 32.800 GC heap after
Heap after GC invocations=17 (full 3):
 PSYoungGen      total 144896K, used 8016K [0x00000000f5580000, 0x00000000ffe80000, 0x0000000100000000)
  eden space 118784K, 0% used [0x00000000f5580000,0x00000000f5580000,0x00000000fc980000)
  from space 26112K, 30% used [0x00000000fe500000,0x00000000fecd4010,0x00000000ffe80000)
  to   space 27136K, 0% used [0x00000000fc980000,0x00000000fc980000,0x00000000fe400000)
 ParOldGen       total 201216K, used 84950K [0x00000000e0000000, 0x00000000ec480000, 0x00000000f5580000)
  object space 201216K, 42% used [0x00000000e0000000,0x00000000e52f5818,0x00000000ec480000)
 Metaspace       used 79658K, capacity 85464K, committed 85760K, reserved 1122304K
  class space    used 11124K, capacity 12419K, committed 12544K, reserved 1048576K
}
Event: 34.407 GC heap before
{Heap before GC invocations=18 (full 3):
 PSYoungGen      total 144896K, used 126800K [0x00000000f5580000, 0x00000000ffe80000, 0x0000000100000000)
  eden space 118784K, 100% used [0x00000000f5580000,0x00000000fc980000,0x00000000fc980000)
  from space 26112K, 30% used [0x00000000fe500000,0x00000000fecd4010,0x00000000ffe80000)
  to   space 27136K, 0% used [0x00000000fc980000,0x00000000fc980000,0x00000000fe400000)
 ParOldGen       total 201216K, used 84950K [0x00000000e0000000, 0x00000000ec480000, 0x00000000f5580000)
  object space 201216K, 42% used [0x00000000e0000000,0x00000000e52f5818,0x00000000ec480000)
 Metaspace       used 80085K, capacity 85992K, committed 86272K, reserved 1122304K
  class space    used 11145K, capacity 12447K, committed 12544K, reserved 1048576K
Event: 34.424 GC heap after
Heap after GC invocations=18 (full 3):
 PSYoungGen      total 145920K, used 9600K [0x00000000f5580000, 0x0000000100000000, 0x0000000100000000)
  eden space 118784K, 0% used [0x00000000f5580000,0x00000000f5580000,0x00000000fc980000)
  from space 27136K, 35% used [0x00000000fc980000,0x00000000fd2e0000,0x00000000fe400000)
  to   space 26624K, 0% used [0x00000000fe600000,0x00000000fe600000,0x0000000100000000)
 ParOldGen       total 201216K, used 92554K [0x00000000e0000000, 0x00000000ec480000, 0x00000000f5580000)
  object space 201216K, 45% used [0x00000000e0000000,0x00000000e5a62a28,0x00000000ec480000)
 Metaspace       used 80085K, capacity 85992K, committed 86272K, reserved 1122304K
  class space    used 11145K, capacity 12447K, committed 12544K, reserved 1048576K
}
Event: 35.383 GC heap before
{Heap before GC invocations=19 (full 3):
 PSYoungGen      total 145920K, used 128384K [0x00000000f5580000, 0x0000000100000000, 0x0000000100000000)
  eden space 118784K, 100% used [0x00000000f5580000,0x00000000fc980000,0x00000000fc980000)
  from space 27136K, 35% used [0x00000000fc980000,0x00000000fd2e0000,0x00000000fe400000)
  to   space 26624K, 0% used [0x00000000fe600000,0x00000000fe600000,0x0000000100000000)
 ParOldGen       total 201216K, used 92554K [0x00000000e0000000, 0x00000000ec480000, 0x00000000f5580000)
  object space 201216K, 45% used [0x00000000e0000000,0x00000000e5a62a28,0x00000000ec480000)
 Metaspace       used 82711K, capacity 88780K, committed 88960K, reserved 1126400K
  class space    used 11530K, capacity 12841K, committed 12928K, reserved 1048576K
Event: 35.401 GC heap after
Heap after GC invocations=19 (full 3):
 PSYoungGen      total 145920K, used 9022K [0x00000000f5580000, 0x00000000ffe80000, 0x0000000100000000)
  eden space 120832K, 0% used [0x00000000f5580000,0x00000000f5580000,0x00000000fcb80000)
  from space 25088K, 35% used [0x00000000fe600000,0x00000000feecfa18,0x00000000ffe80000)
  to   space 26112K, 0% used [0x00000000fcb80000,0x00000000fcb80000,0x00000000fe500000)
 ParOldGen       total 201216K, used 102018K [0x00000000e0000000, 0x00000000ec480000, 0x00000000f5580000)
  object space 201216K, 50% used [0x00000000e0000000,0x00000000e63a0a88,0x00000000ec480000)
 Metaspace       used 82711K, capacity 88780K, committed 88960K, reserved 1126400K
  class space    used 11530K, capacity 12841K, committed 12928K, reserved 1048576K
}

