# JRE version: OpenJDK Runtime Environment (8.0_312-b07) (build 1.8.0_312-b07)
# Java VM: OpenJDK 64-Bit Server VM (25.312-b07 mixed mode windows-amd64 compressed oops)
Heap:
 PSYoungGen      total 144896K, used 12284K [0x00000000f5580000, 0x0000000100000000, 0x0000000100000000)
  eden space 132608K, 0% used [0x00000000f5580000,0x00000000f5580000,0x00000000fd700000)
  from space 12288K, 99% used [0x00000000ff400000,0x00000000fffff3e8,0x0000000100000000)
  to   space 20992K, 0% used [0x00000000fd700000,0x00000000fd700000,0x00000000feb80000)
 ParOldGen       total 175104K, used 35286K [0x00000000e0000000, 0x00000000eab00000, 0x00000000f5580000)
  object space 175104K, 20% used [0x00000000e0000000,0x00000000e22758a8,0x00000000eab00000)
 Metaspace       used 56550K, capacity 59020K, committed 59136K, reserved 1099776K
  class space    used 7832K, capacity 8390K, committed 8448K, reserved 1048576K
GC Heap History (10 events):
Event: 17.490 GC heap after
Heap after GC invocations=8 (full 1):
 PSYoungGen      total 112640K, used 9563K [0x00000000f5580000, 0x0000000100000000, 0x0000000100000000)
  eden space 100352K, 0% used [0x00000000f5580000,0x00000000f5580000,0x00000000fb780000)
  from space 12288K, 77% used [0x00000000fb780000,0x00000000fc0d6f38,0x00000000fc380000)
  to   space 12288K, 0% used [0x00000000ff400000,0x00000000ff400000,0x0000000100000000)
 ParOldGen       total 175104K, used 8474K [0x00000000e0000000, 0x00000000eab00000, 0x00000000f5580000)
  object space 175104K, 4% used [0x00000000e0000000,0x00000000e0846be8,0x00000000eab00000)
 Metaspace       used 34192K, capacity 35414K, committed 35496K, reserved 1079296K
  class space    used 4766K, capacity 5082K, committed 5120K, reserved 1048576K
}
Event: 17.490 GC heap before
{Heap before GC invocations=9 (full 2):
 PSYoungGen      total 112640K, used 9563K [0x00000000f5580000, 0x0000000100000000, 0x0000000100000000)
  eden space 100352K, 0% used [0x00000000f5580000,0x00000000f5580000,0x00000000fb780000)
  from space 12288K, 77% used [0x00000000fb780000,0x00000000fc0d6f38,0x00000000fc380000)
  to   space 12288K, 0% used [0x00000000ff400000,0x00000000ff400000,0x0000000100000000)
 ParOldGen       total 175104K, used 8474K [0x00000000e0000000, 0x00000000eab00000, 0x00000000f5580000)
  object space 175104K, 4% used [0x00000000e0000000,0x00000000e0846be8,0x00000000eab00000)
 Metaspace       used 34192K, capacity 35414K, committed 35496K, reserved 1079296K
  class space    used 4766K, capacity 5082K, committed 5120K, reserved 1048576K
Event: 17.548 GC heap after
Heap after GC invocations=9 (full 2):
 PSYoungGen      total 112640K, used 0K [0x00000000f5580000, 0x0000000100000000, 0x0000000100000000)
  eden space 100352K, 0% used [0x00000000f5580000,0x00000000f5580000,0x00000000fb780000)
  from space 12288K, 0% used [0x00000000fb780000,0x00000000fb780000,0x00000000fc380000)
  to   space 12288K, 0% used [0x00000000ff400000,0x00000000ff400000,0x0000000100000000)
 ParOldGen       total 175104K, used 16300K [0x00000000e0000000, 0x00000000eab00000, 0x00000000f5580000)
  object space 175104K, 9% used [0x00000000e0000000,0x00000000e0feb398,0x00000000eab00000)
 Metaspace       used 34192K, capacity 35414K, committed 35496K, reserved 1079296K
  class space    used 4766K, capacity 5082K, committed 5120K, reserved 1048576K
}
Event: 19.158 GC heap before
{Heap before GC invocations=10 (full 2):
 PSYoungGen      total 112640K, used 100352K [0x00000000f5580000, 0x0000000100000000, 0x0000000100000000)
  eden space 100352K, 100% used [0x00000000f5580000,0x00000000fb780000,0x00000000fb780000)
  from space 12288K, 0% used [0x00000000fb780000,0x00000000fb780000,0x00000000fc380000)
  to   space 12288K, 0% used [0x00000000ff400000,0x00000000ff400000,0x0000000100000000)
 ParOldGen       total 175104K, used 16300K [0x00000000e0000000, 0x00000000eab00000, 0x00000000f5580000)
  object space 175104K, 9% used [0x00000000e0000000,0x00000000e0feb398,0x00000000eab00000)
 Metaspace       used 38162K, capacity 39864K, committed 40064K, reserved 1083392K
  class space    used 5346K, capacity 5738K, committed 5760K, reserved 1048576K
Event: 19.167 GC heap after
Heap after GC invocations=10 (full 2):
 PSYoungGen      total 162304K, used 6825K [0x00000000f5580000, 0x0000000100000000, 0x0000000100000000)
  eden space 150016K, 0% used [0x00000000f5580000,0x00000000f5580000,0x00000000fe800000)
  from space 12288K, 55% used [0x00000000ff400000,0x00000000ffaaa4a8,0x0000000100000000)
  to   space 12288K, 0% used [0x00000000fe800000,0x00000000fe800000,0x00000000ff400000)
 ParOldGen       total 175104K, used 16308K [0x00000000e0000000, 0x00000000eab00000, 0x00000000f5580000)
  object space 175104K, 9% used [0x00000000e0000000,0x00000000e0fed398,0x00000000eab00000)
 Metaspace       used 38162K, capacity 39864K, committed 40064K, reserved 1083392K
  class space    used 5346K, capacity 5738K, committed 5760K, reserved 1048576K
}
Event: 22.534 GC heap before
{Heap before GC invocations=11 (full 2):
 PSYoungGen      total 162304K, used 156841K [0x00000000f5580000, 0x0000000100000000, 0x0000000100000000)
  eden space 150016K, 100% used [0x00000000f5580000,0x00000000fe800000,0x00000000fe800000)
  from space 12288K, 55% used [0x00000000ff400000,0x00000000ffaaa4a8,0x0000000100000000)
  to   space 12288K, 0% used [0x00000000fe800000,0x00000000fe800000,0x00000000ff400000)
 ParOldGen       total 175104K, used 16308K [0x00000000e0000000, 0x00000000eab00000, 0x00000000f5580000)
  object space 175104K, 9% used [0x00000000e0000000,0x00000000e0fed398,0x00000000eab00000)
 Metaspace       used 49871K, capacity 52004K, committed 52224K, reserved 1093632K
  class space    used 6831K, capacity 7344K, committed 7424K, reserved 1048576K
Event: 22.551 GC heap after
Heap after GC invocations=11 (full 2):
 PSYoungGen      total 162304K, used 12281K [0x00000000f5580000, 0x0000000100000000, 0x0000000100000000)
  eden space 150016K, 0% used [0x00000000f5580000,0x00000000f5580000,0x00000000fe800000)
  from space 12288K, 99% used [0x00000000fe800000,0x00000000ff3fe538,0x00000000ff400000)
  to   space 12288K, 0% used [0x00000000ff400000,0x00000000ff400000,0x0000000100000000)
 ParOldGen       total 175104K, used 22273K [0x00000000e0000000, 0x00000000eab00000, 0x00000000f5580000)
  object space 175104K, 12% used [0x00000000e0000000,0x00000000e15c04c8,0x00000000eab00000)
 Metaspace       used 49871K, capacity 52004K, committed 52224K, reserved 1093632K
  class space    used 6831K, capacity 7344K, committed 7424K, reserved 1048576K
}
Event: 31.991 GC heap before
{Heap before GC invocations=12 (full 2):
 PSYoungGen      total 162304K, used 160143K [0x00000000f5580000, 0x0000000100000000, 0x0000000100000000)
  eden space 150016K, 98% used [0x00000000f5580000,0x00000000fe5e59d8,0x00000000fe800000)
  from space 12288K, 99% used [0x00000000fe800000,0x00000000ff3fe538,0x00000000ff400000)
  to   space 12288K, 0% used [0x00000000ff400000,0x00000000ff400000,0x0000000100000000)
 ParOldGen       total 175104K, used 22273K [0x00000000e0000000, 0x00000000eab00000, 0x00000000f5580000)
  object space 175104K, 12% used [0x00000000e0000000,0x00000000e15c04c8,0x00000000eab00000)
 Metaspace       used 56550K, capacity 59020K, committed 59136K, reserved 1099776K
  class space    used 7832K, capacity 8390K, committed 8448K, reserved 1048576K
Event: 32.026 GC heap after
Heap after GC invocations=12 (full 2):
 PSYoungGen      total 144896K, used 12284K [0x00000000f5580000, 0x0000000100000000, 0x0000000100000000)
  eden space 132608K, 0% used [0x00000000f5580000,0x00000000f5580000,0x00000000fd700000)
  from space 12288K, 99% used [0x00000000ff400000,0x00000000fffff3e8,0x0000000100000000)
  to   space 20992K, 0% used [0x00000000fd700000,0x00000000fd700000,0x00000000feb80000)
 ParOldGen       total 175104K, used 35286K [0x00000000e0000000, 0x00000000eab00000, 0x00000000f5580000)
  object space 175104K, 20% used [0x00000000e0000000,0x00000000e22758a8,0x00000000eab00000)
 Metaspace       used 56550K, capacity 59020K, committed 59136K, reserved 1099776K
  class space    used 7832K, capacity 8390K, committed 8448K, reserved 1048576K
}
Event: 32.026 GC heap before
{Heap before GC invocations=13 (full 3):
 PSYoungGen      total 144896K, used 12284K [0x00000000f5580000, 0x0000000100000000, 0x0000000100000000)
  eden space 132608K, 0% used [0x00000000f5580000,0x00000000f5580000,0x00000000fd700000)
  from space 12288K, 99% used [0x00000000ff400000,0x00000000fffff3e8,0x0000000100000000)
  to   space 20992K, 0% used [0x00000000fd700000,0x00000000fd700000,0x00000000feb80000)
 ParOldGen       total 175104K, used 35286K [0x00000000e0000000, 0x00000000eab00000, 0x00000000f5580000)
  object space 175104K, 20% used [0x00000000e0000000,0x00000000e22758a8,0x00000000eab00000)
 Metaspace       used 56550K, capacity 59020K, committed 59136K, reserved 1099776K
  class space    used 7832K, capacity 8390K, committed 8448K, reserved 1048576K

