# JRE version: OpenJDK Runtime Environment (11.0.10) (build 11.0.10+0-b96-7249189)
# Java VM: OpenJDK 64-Bit Server VM (11.0.10+0-b96-7249189, mixed mode, tiered, compressed oops, g1 gc, windows-amd64)
Heap:
 garbage-first heap   total 262144K, used 34426K [0x00000000e0000000, 0x0000000100000000)
  region size 1024K, 10 young (10240K), 9 survivors (9216K)
 Metaspace       used 34956K, capacity 35767K, committed 35968K, reserved 286720K
  class space    used 4565K, capacity 4869K, committed 4992K, reserved 253952K
GC Heap History (14 events):
Event: 0.472 GC heap before
{Heap before GC invocations=0 (full 0):
 garbage-first heap   total 262144K, used 19456K [0x00000000e0000000, 0x0000000100000000)
  region size 1024K, 14 young (14336K), 0 survivors (0K)
 Metaspace       used 7427K, capacity 7635K, committed 7936K, reserved 262144K
  class space    used 671K, capacity 716K, committed 768K, reserved 253952K
}
Event: 0.476 GC heap after
{Heap after GC invocations=1 (full 0):
 garbage-first heap   total 262144K, used 7705K [0x00000000e0000000, 0x0000000100000000)
  region size 1024K, 2 young (2048K), 2 survivors (2048K)
 Metaspace       used 7427K, capacity 7635K, committed 7936K, reserved 262144K
  class space    used 671K, capacity 716K, committed 768K, reserved 253952K
}
Event: 0.790 GC heap before
{Heap before GC invocations=1 (full 0):
 garbage-first heap   total 262144K, used 17945K [0x00000000e0000000, 0x0000000100000000)
  region size 1024K, 12 young (12288K), 2 survivors (2048K)
 Metaspace       used 10415K, capacity 10601K, committed 10624K, reserved 264192K
  class space    used 1085K, capacity 1131K, committed 1152K, reserved 253952K
}
Event: 0.793 GC heap after
{Heap after GC invocations=2 (full 0):
 garbage-first heap   total 262144K, used 8656K [0x00000000e0000000, 0x0000000100000000)
  region size 1024K, 1 young (1024K), 1 survivors (1024K)
 Metaspace       used 10415K, capacity 10601K, committed 10624K, reserved 264192K
  class space    used 1085K, capacity 1131K, committed 1152K, reserved 253952K
}
Event: 1.142 GC heap before
{Heap before GC invocations=2 (full 0):
 garbage-first heap   total 262144K, used 34256K [0x00000000e0000000, 0x0000000100000000)
  region size 1024K, 27 young (27648K), 1 survivors (1024K)
 Metaspace       used 11023K, capacity 11202K, committed 11520K, reserved 264192K
  class space    used 1148K, capacity 1203K, committed 1280K, reserved 253952K
}
Event: 1.146 GC heap after
{Heap after GC invocations=3 (full 0):
 garbage-first heap   total 262144K, used 10985K [0x00000000e0000000, 0x0000000100000000)
  region size 1024K, 4 young (4096K), 4 survivors (4096K)
 Metaspace       used 11023K, capacity 11202K, committed 11520K, reserved 264192K
  class space    used 1148K, capacity 1203K, committed 1280K, reserved 253952K
}
Event: 2.175 GC heap before
{Heap before GC invocations=3 (full 0):
 garbage-first heap   total 262144K, used 50921K [0x00000000e0000000, 0x0000000100000000)
  region size 1024K, 43 young (44032K), 4 survivors (4096K)
 Metaspace       used 17786K, capacity 18270K, committed 18432K, reserved 270336K
  class space    used 2093K, capacity 2242K, committed 2304K, reserved 253952K
}
Event: 2.180 GC heap after
{Heap after GC invocations=4 (full 0):
 garbage-first heap   total 262144K, used 15272K [0x00000000e0000000, 0x0000000100000000)
  region size 1024K, 6 young (6144K), 6 survivors (6144K)
 Metaspace       used 17786K, capacity 18270K, committed 18432K, reserved 270336K
  class space    used 2093K, capacity 2242K, committed 2304K, reserved 253952K
}
Event: 2.387 GC heap before
{Heap before GC invocations=4 (full 0):
 garbage-first heap   total 262144K, used 36776K [0x00000000e0000000, 0x0000000100000000)
  region size 1024K, 28 young (28672K), 6 survivors (6144K)
 Metaspace       used 20596K, capacity 21075K, committed 21248K, reserved 272384K
  class space    used 2507K, capacity 2693K, committed 2816K, reserved 253952K
}
Event: 2.393 GC heap after
{Heap after GC invocations=5 (full 0):
 garbage-first heap   total 262144K, used 16208K [0x00000000e0000000, 0x0000000100000000)
  region size 1024K, 7 young (7168K), 7 survivors (7168K)
 Metaspace       used 20596K, capacity 21075K, committed 21248K, reserved 272384K
  class space    used 2507K, capacity 2693K, committed 2816K, reserved 253952K
}
Event: 3.150 GC heap before
{Heap before GC invocations=6 (full 0):
 garbage-first heap   total 262144K, used 82768K [0x00000000e0000000, 0x0000000100000000)
  region size 1024K, 63 young (64512K), 7 survivors (7168K)
 Metaspace       used 26163K, capacity 26886K, committed 27136K, reserved 278528K
  class space    used 3426K, capacity 3719K, committed 3840K, reserved 253952K
}
Event: 3.159 GC heap after
{Heap after GC invocations=7 (full 0):
 garbage-first heap   total 262144K, used 31673K [0x00000000e0000000, 0x0000000100000000)
  region size 1024K, 6 young (6144K), 6 survivors (6144K)
 Metaspace       used 26163K, capacity 26886K, committed 27136K, reserved 278528K
  class space    used 3426K, capacity 3719K, committed 3840K, reserved 253952K
}
Event: 3.822 GC heap before
{Heap before GC invocations=7 (full 0):
 garbage-first heap   total 262144K, used 83897K [0x00000000e0000000, 0x0000000100000000)
  region size 1024K, 59 young (60416K), 6 survivors (6144K)
 Metaspace       used 34853K, capacity 35607K, committed 35840K, reserved 286720K
  class space    used 4542K, capacity 4837K, committed 4864K, reserved 253952K
}
Event: 3.832 GC heap after
{Heap after GC invocations=8 (full 0):
 garbage-first heap   total 262144K, used 34426K [0x00000000e0000000, 0x0000000100000000)
  region size 1024K, 9 young (9216K), 9 survivors (9216K)
 Metaspace       used 34853K, capacity 35607K, committed 35840K, reserved 286720K
  class space    used 4542K, capacity 4837K, committed 4864K, reserved 253952K
}

