# JRE version: OpenJDK Runtime Environment (8.0_312-b07) (build 1.8.0_312-b07)
# Java VM: OpenJDK 64-Bit Server VM (25.312-b07 mixed mode windows-amd64 compressed oops)
Heap:
 PSYoungGen      total 153600K, used 112719K [0x00000000f5580000, 0x0000000100000000, 0x0000000100000000)
  eden space 138752K, 70% used [0x00000000f5580000,0x00000000fb5178e8,0x00000000fdd00000)
  from space 14848K, 99% used [0x00000000ff100000,0x00000000fff7c3b8,0x00000000fff80000)
  to   space 17920K, 0% used [0x00000000fdd00000,0x00000000fdd00000,0x00000000fee80000)
 ParOldGen       total 175104K, used 20663K [0x00000000e0000000, 0x00000000eab00000, 0x00000000f5580000)
  object space 175104K, 11% used [0x00000000e0000000,0x00000000e142dc30,0x00000000eab00000)
 Metaspace       used 53506K, capacity 56036K, committed 56064K, reserved 1097728K
  class space    used 7348K, capacity 7927K, committed 7936K, reserved 1048576K
GC Heap History (10 events):
Event: 11.399 GC heap before
{Heap before GC invocations=6 (full 1):
 PSYoungGen      total 141824K, used 131072K [0x00000000f5580000, 0x00000000fea80000, 0x0000000100000000)
  eden space 131072K, 100% used [0x00000000f5580000,0x00000000fd580000,0x00000000fd580000)
  from space 10752K, 0% used [0x00000000fe000000,0x00000000fe000000,0x00000000fea80000)
  to   space 10752K, 0% used [0x00000000fd580000,0x00000000fd580000,0x00000000fe000000)
 ParOldGen       total 175104K, used 8443K [0x00000000e0000000, 0x00000000eab00000, 0x00000000f5580000)
  object space 175104K, 4% used [0x00000000e0000000,0x00000000e083ee38,0x00000000eab00000)
 Metaspace       used 32293K, capacity 33508K, committed 33664K, reserved 1077248K
  class space    used 4583K, capacity 4903K, committed 4992K, reserved 1048576K
Event: 11.412 GC heap after
Heap after GC invocations=6 (full 1):
 PSYoungGen      total 141824K, used 10739K [0x00000000f5580000, 0x0000000100000000, 0x0000000100000000)
  eden space 131072K, 0% used [0x00000000f5580000,0x00000000f5580000,0x00000000fd580000)
  from space 10752K, 99% used [0x00000000fd580000,0x00000000fdffcfc0,0x00000000fe000000)
  to   space 15360K, 0% used [0x00000000ff100000,0x00000000ff100000,0x0000000100000000)
 ParOldGen       total 175104K, used 12566K [0x00000000e0000000, 0x00000000eab00000, 0x00000000f5580000)
  object space 175104K, 7% used [0x00000000e0000000,0x00000000e0c459a0,0x00000000eab00000)
 Metaspace       used 32293K, capacity 33508K, committed 33664K, reserved 1077248K
  class space    used 4583K, capacity 4903K, committed 4992K, reserved 1048576K
}
Event: 11.579 GC heap before
{Heap before GC invocations=7 (full 1):
 PSYoungGen      total 141824K, used 37253K [0x00000000f5580000, 0x0000000100000000, 0x0000000100000000)
  eden space 131072K, 20% used [0x00000000f5580000,0x00000000f6f646b0,0x00000000fd580000)
  from space 10752K, 99% used [0x00000000fd580000,0x00000000fdffcfc0,0x00000000fe000000)
  to   space 15360K, 0% used [0x00000000ff100000,0x00000000ff100000,0x0000000100000000)
 ParOldGen       total 175104K, used 12566K [0x00000000e0000000, 0x00000000eab00000, 0x00000000f5580000)
  object space 175104K, 7% used [0x00000000e0000000,0x00000000e0c459a0,0x00000000eab00000)
 Metaspace       used 34214K, capacity 35412K, committed 35496K, reserved 1079296K
  class space    used 4769K, capacity 5081K, committed 5120K, reserved 1048576K
Event: 11.588 GC heap after
Heap after GC invocations=7 (full 1):
 PSYoungGen      total 159744K, used 9874K [0x00000000f5580000, 0x0000000100000000, 0x0000000100000000)
  eden space 144384K, 0% used [0x00000000f5580000,0x00000000f5580000,0x00000000fe280000)
  from space 15360K, 64% used [0x00000000ff100000,0x00000000ffaa4998,0x0000000100000000)
  to   space 14848K, 0% used [0x00000000fe280000,0x00000000fe280000,0x00000000ff100000)
 ParOldGen       total 175104K, used 12574K [0x00000000e0000000, 0x00000000eab00000, 0x00000000f5580000)
  object space 175104K, 7% used [0x00000000e0000000,0x00000000e0c479a0,0x00000000eab00000)
 Metaspace       used 34214K, capacity 35412K, committed 35496K, reserved 1079296K
  class space    used 4769K, capacity 5081K, committed 5120K, reserved 1048576K
}
Event: 11.588 GC heap before
{Heap before GC invocations=8 (full 2):
 PSYoungGen      total 159744K, used 9874K [0x00000000f5580000, 0x0000000100000000, 0x0000000100000000)
  eden space 144384K, 0% used [0x00000000f5580000,0x00000000f5580000,0x00000000fe280000)
  from space 15360K, 64% used [0x00000000ff100000,0x00000000ffaa4998,0x0000000100000000)
  to   space 14848K, 0% used [0x00000000fe280000,0x00000000fe280000,0x00000000ff100000)
 ParOldGen       total 175104K, used 12574K [0x00000000e0000000, 0x00000000eab00000, 0x00000000f5580000)
  object space 175104K, 7% used [0x00000000e0000000,0x00000000e0c479a0,0x00000000eab00000)
 Metaspace       used 34214K, capacity 35412K, committed 35496K, reserved 1079296K
  class space    used 4769K, capacity 5081K, committed 5120K, reserved 1048576K
Event: 11.634 GC heap after
Heap after GC invocations=8 (full 2):
 PSYoungGen      total 159744K, used 0K [0x00000000f5580000, 0x0000000100000000, 0x0000000100000000)
  eden space 144384K, 0% used [0x00000000f5580000,0x00000000f5580000,0x00000000fe280000)
  from space 15360K, 0% used [0x00000000ff100000,0x00000000ff100000,0x0000000100000000)
  to   space 14848K, 0% used [0x00000000fe280000,0x00000000fe280000,0x00000000ff100000)
 ParOldGen       total 175104K, used 16636K [0x00000000e0000000, 0x00000000eab00000, 0x00000000f5580000)
  object space 175104K, 9% used [0x00000000e0000000,0x00000000e103f3d0,0x00000000eab00000)
 Metaspace       used 34214K, capacity 35412K, committed 35496K, reserved 1079296K
  class space    used 4769K, capacity 5081K, committed 5120K, reserved 1048576K
}
Event: 12.665 GC heap before
{Heap before GC invocations=9 (full 2):
 PSYoungGen      total 159744K, used 144384K [0x00000000f5580000, 0x0000000100000000, 0x0000000100000000)
  eden space 144384K, 100% used [0x00000000f5580000,0x00000000fe280000,0x00000000fe280000)
  from space 15360K, 0% used [0x00000000ff100000,0x00000000ff100000,0x0000000100000000)
  to   space 14848K, 0% used [0x00000000fe280000,0x00000000fe280000,0x00000000ff100000)
 ParOldGen       total 175104K, used 16636K [0x00000000e0000000, 0x00000000eab00000, 0x00000000f5580000)
  object space 175104K, 9% used [0x00000000e0000000,0x00000000e103f3d0,0x00000000eab00000)
 Metaspace       used 38216K, capacity 39908K, committed 40064K, reserved 1083392K
  class space    used 5349K, capacity 5746K, committed 5760K, reserved 1048576K
Event: 12.677 GC heap after
Heap after GC invocations=9 (full 2):
 PSYoungGen      total 159232K, used 7279K [0x00000000f5580000, 0x00000000fff80000, 0x0000000100000000)
  eden space 144384K, 0% used [0x00000000f5580000,0x00000000f5580000,0x00000000fe280000)
  from space 14848K, 49% used [0x00000000fe280000,0x00000000fe99bfd0,0x00000000ff100000)
  to   space 14848K, 0% used [0x00000000ff100000,0x00000000ff100000,0x00000000fff80000)
 ParOldGen       total 175104K, used 16644K [0x00000000e0000000, 0x00000000eab00000, 0x00000000f5580000)
  object space 175104K, 9% used [0x00000000e0000000,0x00000000e10413d0,0x00000000eab00000)
 Metaspace       used 38216K, capacity 39908K, committed 40064K, reserved 1083392K
  class space    used 5349K, capacity 5746K, committed 5760K, reserved 1048576K
}
Event: 14.387 GC heap before
{Heap before GC invocations=10 (full 2):
 PSYoungGen      total 159232K, used 151663K [0x00000000f5580000, 0x00000000fff80000, 0x0000000100000000)
  eden space 144384K, 100% used [0x00000000f5580000,0x00000000fe280000,0x00000000fe280000)
  from space 14848K, 49% used [0x00000000fe280000,0x00000000fe99bfd0,0x00000000ff100000)
  to   space 14848K, 0% used [0x00000000ff100000,0x00000000ff100000,0x00000000fff80000)
 ParOldGen       total 175104K, used 16644K [0x00000000e0000000, 0x00000000eab00000, 0x00000000f5580000)
  object space 175104K, 9% used [0x00000000e0000000,0x00000000e10413d0,0x00000000eab00000)
 Metaspace       used 50220K, capacity 52450K, committed 52736K, reserved 1095680K
  class space    used 6882K, capacity 7391K, committed 7424K, reserved 1048576K
Event: 14.401 GC heap after
Heap after GC invocations=10 (full 2):
 PSYoungGen      total 153600K, used 14832K [0x00000000f5580000, 0x0000000100000000, 0x0000000100000000)
  eden space 138752K, 0% used [0x00000000f5580000,0x00000000f5580000,0x00000000fdd00000)
  from space 14848K, 99% used [0x00000000ff100000,0x00000000fff7c3b8,0x00000000fff80000)
  to   space 17920K, 0% used [0x00000000fdd00000,0x00000000fdd00000,0x00000000fee80000)
 ParOldGen       total 175104K, used 20663K [0x00000000e0000000, 0x00000000eab00000, 0x00000000f5580000)
  object space 175104K, 11% used [0x00000000e0000000,0x00000000e142dc30,0x00000000eab00000)
 Metaspace       used 50220K, capacity 52450K, committed 52736K, reserved 1095680K
  class space    used 6882K, capacity 7391K, committed 7424K, reserved 1048576K
}

