# JRE version: OpenJDK Runtime Environment (8.0_312-b07) (build 1.8.0_312-b07)
# Java VM: OpenJDK 64-Bit Server VM (25.312-b07 mixed mode windows-amd64 compressed oops)
Heap:
 PSYoungGen      total 141824K, used 30511K [0x00000000d5c00000, 0x00000000e3b00000, 0x0000000100000000)
  eden space 124416K, 10% used [0x00000000d5c00000,0x00000000d68cf3c8,0x00000000dd580000)
  from space 17408K, 99% used [0x00000000dee00000,0x00000000dfefca00,0x00000000dff00000)
  to   space 25088K, 0% used [0x00000000dd580000,0x00000000dd580000,0x00000000dee00000)
 ParOldGen       total 123392K, used 35049K [0x0000000081400000, 0x0000000088c80000, 0x00000000d5c00000)
  object space 123392K, 28% used [0x0000000081400000,0x000000008363a538,0x0000000088c80000)
 Metaspace       used 47872K, capacity 48688K, committed 49024K, reserved 1091584K
  class space    used 5777K, capacity 5992K, committed 6016K, reserved 1048576K
GC Heap History (10 events):
Event: 1.357 GC heap before
{Heap before GC invocations=4 (full 1):
 PSYoungGen      total 71680K, used 5096K [0x00000000d5c00000, 0x00000000de800000, 0x0000000100000000)
  eden space 66560K, 0% used [0x00000000d5c00000,0x00000000d5c00000,0x00000000d9d00000)
  from space 5120K, 99% used [0x00000000d9d00000,0x00000000da1fa2d8,0x00000000da200000)
  to   space 5120K, 0% used [0x00000000de300000,0x00000000de300000,0x00000000de800000)
 ParOldGen       total 87552K, used 16781K [0x0000000081400000, 0x0000000086980000, 0x00000000d5c00000)
  object space 87552K, 19% used [0x0000000081400000,0x0000000082463508,0x0000000086980000)
 Metaspace       used 20769K, capacity 21120K, committed 21248K, reserved 1069056K
  class space    used 2429K, capacity 2548K, committed 2560K, reserved 1048576K
Event: 1.400 GC heap after
Heap after GC invocations=4 (full 1):
 PSYoungGen      total 71680K, used 0K [0x00000000d5c00000, 0x00000000de800000, 0x0000000100000000)
  eden space 66560K, 0% used [0x00000000d5c00000,0x00000000d5c00000,0x00000000d9d00000)
  from space 5120K, 0% used [0x00000000d9d00000,0x00000000d9d00000,0x00000000da200000)
  to   space 5120K, 0% used [0x00000000de300000,0x00000000de300000,0x00000000de800000)
 ParOldGen       total 77824K, used 14226K [0x0000000081400000, 0x0000000086000000, 0x00000000d5c00000)
  object space 77824K, 18% used [0x0000000081400000,0x00000000821e4b10,0x0000000086000000)
 Metaspace       used 20769K, capacity 21120K, committed 21248K, reserved 1069056K
  class space    used 2429K, capacity 2548K, committed 2560K, reserved 1048576K
}
Event: 2.483 GC heap before
{Heap before GC invocations=5 (full 1):
 PSYoungGen      total 71680K, used 66560K [0x00000000d5c00000, 0x00000000de800000, 0x0000000100000000)
  eden space 66560K, 100% used [0x00000000d5c00000,0x00000000d9d00000,0x00000000d9d00000)
  from space 5120K, 0% used [0x00000000d9d00000,0x00000000d9d00000,0x00000000da200000)
  to   space 5120K, 0% used [0x00000000de300000,0x00000000de300000,0x00000000de800000)
 ParOldGen       total 77824K, used 14226K [0x0000000081400000, 0x0000000086000000, 0x00000000d5c00000)
  object space 77824K, 18% used [0x0000000081400000,0x00000000821e4b10,0x0000000086000000)
 Metaspace       used 30210K, capacity 30700K, committed 31232K, reserved 1077248K
  class space    used 3855K, capacity 4019K, committed 4096K, reserved 1048576K
Event: 2.497 GC heap after
Heap after GC invocations=5 (full 1):
 PSYoungGen      total 97280K, used 5105K [0x00000000d5c00000, 0x00000000de800000, 0x0000000100000000)
  eden space 92160K, 0% used [0x00000000d5c00000,0x00000000d5c00000,0x00000000db600000)
  from space 5120K, 99% used [0x00000000de300000,0x00000000de7fc748,0x00000000de800000)
  to   space 5120K, 0% used [0x00000000dde00000,0x00000000dde00000,0x00000000de300000)
 ParOldGen       total 77824K, used 25093K [0x0000000081400000, 0x0000000086000000, 0x00000000d5c00000)
  object space 77824K, 32% used [0x0000000081400000,0x0000000082c81558,0x0000000086000000)
 Metaspace       used 30210K, capacity 30700K, committed 31232K, reserved 1077248K
  class space    used 3855K, capacity 4019K, committed 4096K, reserved 1048576K
}
Event: 2.817 GC heap before
{Heap before GC invocations=6 (full 1):
 PSYoungGen      total 97280K, used 33309K [0x00000000d5c00000, 0x00000000de800000, 0x0000000100000000)
  eden space 92160K, 30% used [0x00000000d5c00000,0x00000000d778acb8,0x00000000db600000)
  from space 5120K, 99% used [0x00000000de300000,0x00000000de7fc748,0x00000000de800000)
  to   space 5120K, 0% used [0x00000000dde00000,0x00000000dde00000,0x00000000de300000)
 ParOldGen       total 77824K, used 25093K [0x0000000081400000, 0x0000000086000000, 0x00000000d5c00000)
  object space 77824K, 32% used [0x0000000081400000,0x0000000082c81558,0x0000000086000000)
 Metaspace       used 34618K, capacity 35102K, committed 35416K, reserved 1081344K
  class space    used 4411K, capacity 4566K, committed 4608K, reserved 1048576K
Event: 2.829 GC heap after
Heap after GC invocations=6 (full 1):
 PSYoungGen      total 137216K, used 5107K [0x00000000d5c00000, 0x00000000dff00000, 0x0000000100000000)
  eden space 132096K, 0% used [0x00000000d5c00000,0x00000000d5c00000,0x00000000ddd00000)
  from space 5120K, 99% used [0x00000000dde00000,0x00000000de2fcd58,0x00000000de300000)
  to   space 17408K, 0% used [0x00000000dee00000,0x00000000dee00000,0x00000000dff00000)
 ParOldGen       total 77824K, used 32033K [0x0000000081400000, 0x0000000086000000, 0x00000000d5c00000)
  object space 77824K, 41% used [0x0000000081400000,0x00000000833486d8,0x0000000086000000)
 Metaspace       used 34618K, capacity 35102K, committed 35416K, reserved 1081344K
  class space    used 4411K, capacity 4566K, committed 4608K, reserved 1048576K
}
Event: 2.829 GC heap before
{Heap before GC invocations=7 (full 2):
 PSYoungGen      total 137216K, used 5107K [0x00000000d5c00000, 0x00000000dff00000, 0x0000000100000000)
  eden space 132096K, 0% used [0x00000000d5c00000,0x00000000d5c00000,0x00000000ddd00000)
  from space 5120K, 99% used [0x00000000dde00000,0x00000000de2fcd58,0x00000000de300000)
  to   space 17408K, 0% used [0x00000000dee00000,0x00000000dee00000,0x00000000dff00000)
 ParOldGen       total 77824K, used 32033K [0x0000000081400000, 0x0000000086000000, 0x00000000d5c00000)
  object space 77824K, 41% used [0x0000000081400000,0x00000000833486d8,0x0000000086000000)
 Metaspace       used 34618K, capacity 35102K, committed 35416K, reserved 1081344K
  class space    used 4411K, capacity 4566K, committed 4608K, reserved 1048576K
Event: 2.893 GC heap after
Heap after GC invocations=7 (full 2):
 PSYoungGen      total 137216K, used 0K [0x00000000d5c00000, 0x00000000dff00000, 0x0000000100000000)
  eden space 132096K, 0% used [0x00000000d5c00000,0x00000000d5c00000,0x00000000ddd00000)
  from space 5120K, 0% used [0x00000000dde00000,0x00000000dde00000,0x00000000de300000)
  to   space 17408K, 0% used [0x00000000dee00000,0x00000000dee00000,0x00000000dff00000)
 ParOldGen       total 123392K, used 25094K [0x0000000081400000, 0x0000000088c80000, 0x00000000d5c00000)
  object space 123392K, 20% used [0x0000000081400000,0x0000000082c81928,0x0000000088c80000)
 Metaspace       used 34618K, capacity 35102K, committed 35416K, reserved 1081344K
  class space    used 4411K, capacity 4566K, committed 4608K, reserved 1048576K
}
Event: 5.766 GC heap before
{Heap before GC invocations=8 (full 2):
 PSYoungGen      total 137216K, used 132096K [0x00000000d5c00000, 0x00000000dff00000, 0x0000000100000000)
  eden space 132096K, 100% used [0x00000000d5c00000,0x00000000ddd00000,0x00000000ddd00000)
  from space 5120K, 0% used [0x00000000dde00000,0x00000000dde00000,0x00000000de300000)
  to   space 17408K, 0% used [0x00000000dee00000,0x00000000dee00000,0x00000000dff00000)
 ParOldGen       total 123392K, used 25094K [0x0000000081400000, 0x0000000088c80000, 0x00000000d5c00000)
  object space 123392K, 20% used [0x0000000081400000,0x0000000082c81928,0x0000000088c80000)
 Metaspace       used 46976K, capacity 47732K, committed 48128K, reserved 1091584K
  class space    used 5706K, capacity 5888K, committed 5888K, reserved 1048576K
Event: 5.788 GC heap after
Heap after GC invocations=8 (full 2):
 PSYoungGen      total 141824K, used 17394K [0x00000000d5c00000, 0x00000000e3b00000, 0x0000000100000000)
  eden space 124416K, 0% used [0x00000000d5c00000,0x00000000d5c00000,0x00000000dd580000)
  from space 17408K, 99% used [0x00000000dee00000,0x00000000dfefca00,0x00000000dff00000)
  to   space 25088K, 0% used [0x00000000dd580000,0x00000000dd580000,0x00000000dee00000)
 ParOldGen       total 123392K, used 35049K [0x0000000081400000, 0x0000000088c80000, 0x00000000d5c00000)
  object space 123392K, 28% used [0x0000000081400000,0x000000008363a538,0x0000000088c80000)
 Metaspace       used 46976K, capacity 47732K, committed 48128K, reserved 1091584K
  class space    used 5706K, capacity 5888K, committed 5888K, reserved 1048576K
}

